Lockfile is up to date, resolution step is skipped
Already up to date

╭ Warning ─────────────────────────────────────────────────────────────────────╮
│                                                                              │
│   Ignored build scripts: sharp@0.34.5.                                       │
│   Run "pnpm approve-builds" to pick which dependencies should be allowed     │
│   to run scripts.                                                            │
│                                                                              │
╰──────────────────────────────────────────────────────────────────────────────╯
Done in 698ms using pnpm v10.33.0

> trading-mvp-frontend@0.1.0 dev C:\my-trading-bot\frontend
> next dev

▲ Next.js 16.2.2 (Turbopack)
- Local:         http://localhost:3000
- Network:       http://192.168.0.4:3000
✓ Ready in 796ms

 GET / 200 in 667ms (next.js: 284ms, application-code: 383ms)
 GET /dashboard/decisions 500 in 1069ms (next.js: 945ms, application-code: 124ms)
 GET / 500 in 83ms (next.js: 6ms, application-code: 77ms)
 GET / 500 in 125ms (next.js: 6ms, application-code: 119ms)
 GET / 500 in 104ms (next.js: 4ms, application-code: 100ms)
 GET / 500 in 89ms (next.js: 5ms, application-code: 84ms)
 GET / 500 in 111ms (next.js: 4ms, application-code: 107ms)
 GET / 500 in 90ms (next.js: 5ms, application-code: 85ms)
 GET / 500 in 80ms (next.js: 3ms, application-code: 77ms)
 GET / 500 in 85ms (next.js: 6ms, application-code: 79ms)
 GET / 500 in 109ms (next.js: 15ms, application-code: 93ms)
 GET / 500 in 82ms (next.js: 5ms, application-code: 77ms)
 GET / 500 in 73ms (next.js: 4ms, application-code: 70ms)
 GET / 500 in 95ms (next.js: 4ms, application-code: 92ms)
 GET / 500 in 91ms (next.js: 7ms, application-code: 83ms)
 GET / 500 in 69ms (next.js: 3ms, application-code: 66ms)
 GET / 500 in 79ms (next.js: 5ms, application-code: 74ms)
 GET / 500 in 79ms (next.js: 4ms, application-code: 76ms)
 GET / 500 in 92ms (next.js: 11ms, application-code: 81ms)
 GET / 500 in 91ms (next.js: 4ms, application-code: 87ms)
 GET / 500 in 77ms (next.js: 4ms, application-code: 73ms)
 GET / 500 in 85ms (next.js: 4ms, application-code: 81ms)
 GET / 500 in 90ms (next.js: 4ms, application-code: 86ms)
 GET / 500 in 67ms (next.js: 4ms, application-code: 63ms)
 GET / 500 in 76ms (next.js: 4ms, application-code: 73ms)
 GET / 500 in 116ms (next.js: 5ms, application-code: 110ms)
 GET / 500 in 85ms (next.js: 5ms, application-code: 81ms)
 GET / 500 in 77ms (next.js: 3ms, application-code: 73ms)
 GET / 500 in 79ms (next.js: 5ms, application-code: 74ms)
 GET / 500 in 78ms (next.js: 3ms, application-code: 75ms)
 GET / 500 in 109ms (next.js: 3ms, application-code: 106ms)
 GET / 500 in 85ms (next.js: 12ms, application-code: 73ms)
 GET / 500 in 75ms (next.js: 3ms, application-code: 72ms)
 GET / 500 in 71ms (next.js: 4ms, application-code: 67ms)
 GET / 500 in 71ms (next.js: 3ms, application-code: 67ms)
 GET / 500 in 77ms (next.js: 3ms, application-code: 73ms)
 GET / 500 in 91ms (next.js: 6ms, application-code: 85ms)
 GET / 500 in 80ms (next.js: 4ms, application-code: 76ms)
 GET / 500 in 75ms (next.js: 5ms, application-code: 70ms)
 GET / 500 in 77ms (next.js: 4ms, application-code: 73ms)
 GET / 500 in 71ms (next.js: 4ms, application-code: 67ms)
 GET / 500 in 67ms (next.js: 5ms, application-code: 62ms)
 GET / 500 in 79ms (next.js: 3ms, application-code: 76ms)
 GET / 500 in 75ms (next.js: 3ms, application-code: 72ms)
 GET / 500 in 112ms (next.js: 11ms, application-code: 101ms)
 GET / 500 in 83ms (next.js: 8ms, application-code: 75ms)
 GET / 500 in 72ms (next.js: 4ms, application-code: 69ms)
 GET / 500 in 70ms (next.js: 4ms, application-code: 66ms)
 GET / 500 in 90ms (next.js: 4ms, application-code: 86ms)
 GET / 500 in 73ms (next.js: 6ms, application-code: 67ms)
 GET / 500 in 74ms (next.js: 3ms, application-code: 70ms)
 GET / 500 in 80ms (next.js: 3ms, application-code: 77ms)
 GET / 500 in 73ms (next.js: 4ms, application-code: 68ms)
 GET / 500 in 84ms (next.js: 5ms, application-code: 79ms)
 GET / 500 in 72ms (next.js: 3ms, application-code: 69ms)
