Lockfile is up to date, resolution step is skipped
Already up to date

╭ Warning ─────────────────────────────────────────────────────────────────────╮
│                                                                              │
│   Ignored build scripts: sharp@0.34.5.                                       │
│   Run "pnpm approve-builds" to pick which dependencies should be allowed     │
│   to run scripts.                                                            │
│                                                                              │
╰──────────────────────────────────────────────────────────────────────────────╯
Done in 765ms using pnpm v10.33.0

> trading-mvp-frontend@0.1.0 build C:\my-trading-bot\frontend
> next build

▲ Next.js 16.2.2 (Turbopack)

  Creating an optimized production build ...
✓ Compiled successfully in 16.7s
  Running TypeScript ...
  Finished TypeScript in 11.4s ...
  Collecting page data using 5 workers ...
  Generating static pages using 5 workers (0/3) ...
✓ Generating static pages using 5 workers (3/3) in 835ms
  Finalizing page optimization ...

Route (app)
┌ ƒ /
├ ○ /_not-found
└ ƒ /dashboard/[slug]


○  (Static)   prerendered as static content
ƒ  (Dynamic)  server-rendered on demand

▲ Next.js 16.2.2
- Local:         http://localhost:3000
- Network:       http://0.0.0.0:3000
✓ Ready in 336ms
