2026-04-08 19:12:33,368 DEBUG - Starting WinSW in console mode
2026-04-08 19:12:36,135 DEBUG - Starting WinSW in console mode
2026-04-08 19:12:36,186 INFO  - Installing service 'Trading MVP Frontend (TradingMvpFrontend)'...
2026-04-08 19:12:36,287 INFO  - Service 'Trading MVP Frontend (TradingMvpFrontend)' was installed successfully.
2026-04-08 19:12:37,407 DEBUG - Starting WinSW in console mode
2026-04-08 19:12:39,844 DEBUG - Starting WinSW in console mode
2026-04-08 19:12:39,893 INFO  - Starting service 'Trading MVP Frontend (TradingMvpFrontend)'...
2026-04-08 19:12:40,722 DEBUG - Starting WinSW in service mode
2026-04-08 19:12:40,760 INFO  - Service 'Trading MVP Frontend (TradingMvpFrontend)' started successfully.
2026-04-08 19:12:40,912 INFO  - Starting powershell.exe -NoProfile -ExecutionPolicy Bypass -File "C:\my-trading-bot\scripts\\run_frontend.ps1"
2026-04-08 19:12:40,968 INFO  - Started process 22524
2026-04-08 19:12:40,985 DEBUG - Forwarding logs of the process System.Diagnostics.Process (powershell) to WinSW.RollingSizeTimeLogAppender
2026-04-08 19:15:57,115 DEBUG - Starting WinSW in console mode
2026-04-08 19:15:59,998 DEBUG - Starting WinSW in console mode
2026-04-08 19:16:00,053 INFO  - Stopping service 'Trading MVP Frontend (TradingMvpFrontend)'...
2026-04-08 19:16:00,094 INFO  - Service 'Trading MVP Frontend (TradingMvpFrontend)' stopped successfully.
2026-04-08 19:16:00,096 INFO  - Stopping TradingMvpFrontend
2026-04-08 19:16:00,096 DEBUG - ProcessKill 22524
2026-04-08 19:16:00,115 DEBUG - Stopping process 22524...
2026-04-08 19:16:02,812 DEBUG - Starting WinSW in console mode
2026-04-08 19:16:05,074 DEBUG - Starting WinSW in console mode
2026-04-08 19:16:05,131 INFO  - Uninstalling service 'Trading MVP Frontend (TradingMvpFrontend)'...
2026-04-08 19:16:05,186 WARN  - Service 'Trading MVP Frontend (TradingMvpFrontend)' is started. It may be impossible to uninstall it.
2026-04-08 19:16:05,188 INFO  - Service 'Trading MVP Frontend (TradingMvpFrontend)' was uninstalled successfully.
2026-04-08 19:16:15,127 DEBUG - Process 22524 terminated.
2026-04-08 19:16:15,145 DEBUG - Found child process 20948.
2026-04-08 19:16:15,146 DEBUG - Found child process 21112.
2026-04-08 19:16:15,147 DEBUG - Stopping process 20948...
2026-04-08 19:16:15,148 DEBUG - Process 20948 terminated.
2026-04-08 19:16:15,160 DEBUG - Stopping process 21112...
2026-04-08 19:16:15,161 WARN  - Failed to attach to console. 파이프의 다른 끝에 프로세스가 없습니다.
2026-04-08 19:16:15,162 DEBUG - Process 21112 terminated.
2026-04-08 19:16:15,174 INFO  - Finished TradingMvpFrontend
2026-04-08 19:16:43,323 DEBUG - Starting WinSW in console mode
2026-04-08 19:16:45,403 DEBUG - Starting WinSW in console mode
2026-04-08 19:16:45,443 INFO  - Installing service 'Trading MVP Frontend (TradingMvpFrontend)'...
2026-04-08 19:16:45,517 INFO  - Service 'Trading MVP Frontend (TradingMvpFrontend)' was installed successfully.
2026-04-08 19:16:46,203 DEBUG - Starting WinSW in console mode
2026-04-08 19:16:48,162 DEBUG - Starting WinSW in console mode
2026-04-08 19:16:48,208 INFO  - Starting service 'Trading MVP Frontend (TradingMvpFrontend)'...
2026-04-08 19:16:48,833 DEBUG - Starting WinSW in service mode
2026-04-08 19:16:48,865 INFO  - Service 'Trading MVP Frontend (TradingMvpFrontend)' started successfully.
2026-04-08 19:16:48,992 INFO  - Starting powershell.exe -NoProfile -ExecutionPolicy Bypass -File "C:\my-trading-bot\scripts\\run_frontend.ps1"
2026-04-08 19:16:49,035 INFO  - Started process 22344
2026-04-08 19:16:49,052 DEBUG - Forwarding logs of the process System.Diagnostics.Process (powershell) to WinSW.RollingSizeTimeLogAppender
2026-04-08 19:36:05,544 DEBUG - Starting WinSW in console mode
2026-04-08 19:36:08,370 DEBUG - Starting WinSW in console mode
2026-04-08 19:36:08,418 INFO  - Stopping service 'Trading MVP Frontend (TradingMvpFrontend)'...
2026-04-08 19:36:08,465 INFO  - Service 'Trading MVP Frontend (TradingMvpFrontend)' has already stopped.
2026-04-08 19:36:11,141 DEBUG - Starting WinSW in console mode
2026-04-08 19:36:13,745 DEBUG - Starting WinSW in console mode
2026-04-08 19:36:13,790 INFO  - Uninstalling service 'Trading MVP Frontend (TradingMvpFrontend)'...
2026-04-08 19:36:13,836 INFO  - Service 'Trading MVP Frontend (TradingMvpFrontend)' was uninstalled successfully.
2026-04-08 19:36:14,503 DEBUG - Starting WinSW in console mode
2026-04-08 19:36:18,400 DEBUG - Starting WinSW in console mode
2026-04-08 19:36:18,443 INFO  - Installing service 'Trading MVP Frontend (TradingMvpFrontend)'...
2026-04-08 19:36:18,520 INFO  - Service 'Trading MVP Frontend (TradingMvpFrontend)' was installed successfully.
2026-04-08 19:36:19,263 DEBUG - Starting WinSW in console mode
2026-04-08 19:36:21,464 DEBUG - Starting WinSW in console mode
2026-04-08 19:36:21,513 INFO  - Starting service 'Trading MVP Frontend (TradingMvpFrontend)'...
2026-04-08 19:36:22,186 DEBUG - Starting WinSW in service mode
2026-04-08 19:36:22,221 INFO  - Service 'Trading MVP Frontend (TradingMvpFrontend)' started successfully.
2026-04-08 19:36:22,357 INFO  - Starting powershell.exe -NoProfile -ExecutionPolicy Bypass -File "C:\my-trading-bot\scripts\\run_frontend_service.ps1"
2026-04-08 19:36:22,401 INFO  - Started process 21260
2026-04-08 19:36:22,421 DEBUG - Forwarding logs of the process System.Diagnostics.Process (powershell) to WinSW.RollingSizeTimeLogAppender
2026-04-08 19:40:26,060 DEBUG - Starting WinSW in console mode
2026-04-08 19:40:28,773 DEBUG - Starting WinSW in console mode
2026-04-08 19:40:28,823 INFO  - Stopping service 'Trading MVP Frontend (TradingMvpFrontend)'...
2026-04-08 19:40:28,864 INFO  - Service 'Trading MVP Frontend (TradingMvpFrontend)' stopped successfully.
2026-04-08 19:40:28,866 INFO  - Stopping TradingMvpFrontend
2026-04-08 19:40:28,867 DEBUG - ProcessKill 21260
2026-04-08 19:40:28,885 DEBUG - Stopping process 21260...
2026-04-08 19:40:32,024 DEBUG - Starting WinSW in console mode
2026-04-08 19:40:34,679 DEBUG - Starting WinSW in console mode
2026-04-08 19:40:34,727 INFO  - Uninstalling service 'Trading MVP Frontend (TradingMvpFrontend)'...
2026-04-08 19:40:34,783 WARN  - Service 'Trading MVP Frontend (TradingMvpFrontend)' is started. It may be impossible to uninstall it.
2026-04-08 19:40:34,785 INFO  - Service 'Trading MVP Frontend (TradingMvpFrontend)' was uninstalled successfully.
2026-04-08 19:40:35,560 DEBUG - Starting WinSW in console mode
2026-04-08 19:40:38,322 DEBUG - Starting WinSW in console mode
2026-04-08 19:40:38,370 INFO  - Installing service 'Trading MVP Frontend (TradingMvpFrontend)'...
2026-04-08 19:40:38,422 ERROR - A service with ID 'TradingMvpFrontend' already exists.
2026-04-08 19:40:38,428 FATAL - Failed to install the service. 지정된 서비스가 이미 있습니다.
2026-04-08 19:40:39,411 DEBUG - Starting WinSW in console mode
2026-04-08 19:40:41,785 DEBUG - Starting WinSW in console mode
2026-04-08 19:40:41,838 INFO  - Starting service 'Trading MVP Frontend (TradingMvpFrontend)'...
2026-04-08 19:40:41,895 FATAL - Cannot start service 'TradingMvpFrontend' on computer '.'.
2026-04-08 19:40:43,895 DEBUG - Process 21260 terminated.
2026-04-08 19:40:43,914 DEBUG - Found child process 15800.
2026-04-08 19:40:43,915 DEBUG - Found child process 21232.
2026-04-08 19:40:43,917 DEBUG - Stopping process 15800...
2026-04-08 19:40:43,918 DEBUG - Process 15800 terminated.
2026-04-08 19:40:43,938 DEBUG - Stopping process 21232...
2026-04-08 19:40:43,939 DEBUG - Process 21232 has already exited.
2026-04-08 19:40:43,959 INFO  - Finished TradingMvpFrontend
2026-04-08 19:42:04,952 DEBUG - Starting WinSW in console mode
2026-04-08 19:42:10,521 DEBUG - Starting WinSW in console mode
2026-04-08 19:42:10,571 INFO  - Installing service 'Trading MVP Frontend (TradingMvpFrontend)'...
2026-04-08 19:42:10,660 INFO  - Service 'Trading MVP Frontend (TradingMvpFrontend)' was installed successfully.
2026-04-08 19:42:12,814 DEBUG - Starting WinSW in console mode
2026-04-08 19:42:12,864 INFO  - Starting service 'Trading MVP Frontend (TradingMvpFrontend)'...
2026-04-08 19:42:13,671 DEBUG - Starting WinSW in service mode
2026-04-08 19:42:13,712 INFO  - Service 'Trading MVP Frontend (TradingMvpFrontend)' started successfully.
2026-04-08 19:42:13,904 INFO  - Starting powershell.exe -NoProfile -ExecutionPolicy Bypass -File "C:\my-trading-bot\scripts\\run_frontend_service.ps1"
2026-04-08 19:42:13,971 INFO  - Started process 24236
2026-04-08 19:42:13,995 DEBUG - Forwarding logs of the process System.Diagnostics.Process (powershell) to WinSW.RollingSizeTimeLogAppender
2026-04-08 19:43:49,771 DEBUG - Starting WinSW in console mode
2026-04-08 19:43:52,925 DEBUG - Starting WinSW in console mode
2026-04-08 19:43:56,752 DEBUG - Starting WinSW in console mode
2026-04-08 19:43:56,809 INFO  - Stopping service 'Trading MVP Frontend (TradingMvpFrontend)'...
2026-04-08 19:43:56,855 INFO  - Service 'Trading MVP Frontend (TradingMvpFrontend)' stopped successfully.
2026-04-08 19:43:56,857 INFO  - Stopping TradingMvpFrontend
2026-04-08 19:43:56,857 DEBUG - ProcessKill 24236
2026-04-08 19:43:56,881 DEBUG - Stopping process 24236...
2026-04-08 19:44:11,891 DEBUG - Process 24236 terminated.
2026-04-08 19:44:11,923 DEBUG - Found child process 24244.
2026-04-08 19:44:11,924 DEBUG - Found child process 284.
2026-04-08 19:44:11,924 DEBUG - Stopping process 24244...
2026-04-08 19:44:11,927 DEBUG - Process 24244 terminated.
2026-04-08 19:44:11,950 DEBUG - Stopping process 284...
2026-04-08 19:44:11,951 DEBUG - Process 284 has already exited.
2026-04-08 19:44:11,963 INFO  - Finished TradingMvpFrontend
2026-04-08 19:48:35,210 DEBUG - Starting WinSW in console mode
2026-04-08 19:48:38,353 DEBUG - Starting WinSW in console mode
2026-04-08 19:48:40,394 DEBUG - Starting WinSW in console mode
2026-04-08 19:48:40,456 INFO  - Stopping service 'Trading MVP Frontend (TradingMvpFrontend)'...
2026-04-08 19:48:40,520 INFO  - Service 'Trading MVP Frontend (TradingMvpFrontend)' has already stopped.
2026-04-08 19:53:18,168 DEBUG - Starting WinSW in console mode
2026-04-08 19:53:22,293 DEBUG - Starting WinSW in console mode
2026-04-08 19:53:22,347 INFO  - Starting service 'Trading MVP Frontend (TradingMvpFrontend)'...
2026-04-08 19:53:23,324 DEBUG - Starting WinSW in service mode
2026-04-08 19:53:23,367 INFO  - Service 'Trading MVP Frontend (TradingMvpFrontend)' started successfully.
2026-04-08 19:53:23,596 INFO  - Starting powershell.exe -NoProfile -ExecutionPolicy Bypass -File "C:\my-trading-bot\scripts\\run_frontend_service.ps1"
2026-04-08 19:53:23,680 INFO  - Started process 20532
2026-04-08 19:53:23,701 DEBUG - Forwarding logs of the process System.Diagnostics.Process (powershell) to WinSW.RollingSizeTimeLogAppender
2026-04-08 19:54:54,166 DEBUG - Starting WinSW in console mode
2026-04-08 19:54:54,312 INFO  - Starting service 'Trading MVP Frontend (TradingMvpFrontend)'...
2026-04-08 19:54:54,459 INFO  - Service 'Trading MVP Frontend (TradingMvpFrontend)' has already started.
2026-04-08 19:54:55,798 DEBUG - Starting WinSW in console mode
2026-04-08 19:54:55,847 INFO  - Starting service 'Trading MVP Frontend (TradingMvpFrontend)'...
2026-04-08 19:54:55,899 INFO  - Service 'Trading MVP Frontend (TradingMvpFrontend)' has already started.
2026-04-08 23:55:09,118 DEBUG - Starting WinSW in console mode
2026-04-08 23:55:13,195 DEBUG - Starting WinSW in console mode
2026-04-08 23:55:13,252 INFO  - Stopping service 'Trading MVP Frontend (TradingMvpFrontend)'...
2026-04-08 23:55:13,314 INFO  - Stopping TradingMvpFrontend
2026-04-08 23:55:13,318 DEBUG - ProcessKill 20532
2026-04-08 23:55:13,353 DEBUG - Stopping process 20532...
2026-04-08 23:55:13,441 DEBUG - Process 20532 canceled with code 0.
2026-04-08 23:55:13,448 INFO  - Finished TradingMvpFrontend
2026-04-08 23:55:13,556 INFO  - Starting service 'Trading MVP Frontend (TradingMvpFrontend)'...
2026-04-08 23:55:14,257 DEBUG - Starting WinSW in service mode
2026-04-08 23:55:14,432 INFO  - Starting powershell.exe -NoProfile -ExecutionPolicy Bypass -File "C:\my-trading-bot\scripts\\run_frontend_service.ps1"
2026-04-08 23:55:14,479 INFO  - Started process 708
2026-04-08 23:55:14,498 DEBUG - Forwarding logs of the process System.Diagnostics.Process (powershell) to WinSW.RollingSizeTimeLogAppender
2026-04-08 23:55:14,548 INFO  - Service 'Trading MVP Frontend (TradingMvpFrontend)' restarted successfully.
2026-04-09 00:07:16,152 DEBUG - Starting WinSW in console mode
2026-04-09 00:07:18,943 DEBUG - Starting WinSW in console mode
2026-04-09 00:07:18,993 INFO  - Stopping service 'Trading MVP Frontend (TradingMvpFrontend)'...
2026-04-09 00:07:19,036 INFO  - Service 'Trading MVP Frontend (TradingMvpFrontend)' stopped successfully.
2026-04-09 00:07:19,037 INFO  - Stopping TradingMvpFrontend
2026-04-09 00:07:19,038 DEBUG - ProcessKill 708
2026-04-09 00:07:19,057 DEBUG - Stopping process 708...
2026-04-09 00:07:19,095 DEBUG - Process 708 canceled with code 0.
2026-04-09 00:07:19,099 INFO  - Finished TradingMvpFrontend
2026-04-09 00:07:21,736 DEBUG - Starting WinSW in console mode
2026-04-09 00:07:24,294 DEBUG - Starting WinSW in console mode
2026-04-09 00:07:24,340 INFO  - Uninstalling service 'Trading MVP Frontend (TradingMvpFrontend)'...
2026-04-09 00:07:24,389 INFO  - Service 'Trading MVP Frontend (TradingMvpFrontend)' was uninstalled successfully.
2026-04-09 00:07:25,105 DEBUG - Starting WinSW in console mode
2026-04-09 00:07:27,514 DEBUG - Starting WinSW in console mode
2026-04-09 00:07:27,554 INFO  - Installing service 'Trading MVP Frontend (TradingMvpFrontend)'...
2026-04-09 00:07:27,594 INFO  - Service 'Trading MVP Frontend (TradingMvpFrontend)' was installed successfully.
2026-04-09 00:07:28,302 DEBUG - Starting WinSW in console mode
2026-04-09 00:07:30,710 DEBUG - Starting WinSW in console mode
2026-04-09 00:07:30,755 INFO  - Starting service 'Trading MVP Frontend (TradingMvpFrontend)'...
2026-04-09 00:07:31,435 DEBUG - Starting WinSW in service mode
2026-04-09 00:07:31,472 INFO  - Service 'Trading MVP Frontend (TradingMvpFrontend)' started successfully.
2026-04-09 00:07:31,621 INFO  - Starting powershell.exe -NoProfile -ExecutionPolicy Bypass -File "C:\my-trading-bot\scripts\\run_frontend_service.ps1"
2026-04-09 00:07:31,669 INFO  - Started process 1992
2026-04-09 00:07:31,686 DEBUG - Forwarding logs of the process System.Diagnostics.Process (powershell) to WinSW.RollingSizeTimeLogAppender
2026-04-09 00:36:18,724 DEBUG - Starting WinSW in console mode
2026-04-09 00:36:55,914 DEBUG - Starting WinSW in console mode
2026-04-09 00:36:58,280 DEBUG - Starting WinSW in console mode
2026-04-09 00:36:58,339 INFO  - Stopping service 'Trading MVP Frontend (TradingMvpFrontend)'...
2026-04-09 00:36:58,353 INFO  - Stopping TradingMvpFrontend
2026-04-09 00:36:58,354 DEBUG - ProcessKill 1992
2026-04-09 00:36:58,392 DEBUG - Stopping process 1992...
2026-04-09 00:36:58,433 DEBUG - Process 1992 canceled with code 0.
2026-04-09 00:36:58,439 INFO  - Finished TradingMvpFrontend
2026-04-09 00:36:58,626 INFO  - Starting service 'Trading MVP Frontend (TradingMvpFrontend)'...
2026-04-09 00:36:59,313 DEBUG - Starting WinSW in service mode
2026-04-09 00:36:59,474 INFO  - Starting powershell.exe -NoProfile -ExecutionPolicy Bypass -File "C:\my-trading-bot\scripts\\run_frontend_service.ps1"
2026-04-09 00:36:59,528 INFO  - Started process 21220
2026-04-09 00:36:59,546 DEBUG - Forwarding logs of the process System.Diagnostics.Process (powershell) to WinSW.RollingSizeTimeLogAppender
2026-04-09 00:36:59,602 INFO  - Service 'Trading MVP Frontend (TradingMvpFrontend)' restarted successfully.
2026-04-09 00:41:21,406 DEBUG - Starting WinSW in console mode
2026-04-09 00:41:26,251 DEBUG - Starting WinSW in console mode
2026-04-09 00:41:26,322 INFO  - Stopping service 'Trading MVP Frontend (TradingMvpFrontend)'...
2026-04-09 00:41:26,370 INFO  - Stopping TradingMvpFrontend
2026-04-09 00:41:26,371 DEBUG - ProcessKill 21220
2026-04-09 00:41:26,395 DEBUG - Stopping process 21220...
2026-04-09 00:41:26,442 DEBUG - Process 21220 canceled with code 0.
2026-04-09 00:41:26,447 INFO  - Finished TradingMvpFrontend
2026-04-09 00:41:26,638 INFO  - Starting service 'Trading MVP Frontend (TradingMvpFrontend)'...
2026-04-09 00:41:27,474 DEBUG - Starting WinSW in service mode
2026-04-09 00:41:27,767 INFO  - Starting powershell.exe -NoProfile -ExecutionPolicy Bypass -File "C:\my-trading-bot\scripts\\run_frontend_service.ps1"
2026-04-09 00:41:27,834 INFO  - Started process 18844
2026-04-09 00:41:27,855 DEBUG - Forwarding logs of the process System.Diagnostics.Process (powershell) to WinSW.RollingSizeTimeLogAppender
2026-04-09 00:41:28,043 INFO  - Service 'Trading MVP Frontend (TradingMvpFrontend)' restarted successfully.
2026-04-09 01:02:20,263 DEBUG - Starting WinSW in console mode
2026-04-09 01:02:23,699 FATAL - An error occurred trying to start process 'C:\my-trading-bot\.services\TradingMvpFrontend.exe' with working directory 'C:\my-trading-bot'. 사용자가 작업을 취소했습니다.
2026-04-09 01:02:43,451 DEBUG - Starting WinSW in console mode
2026-04-09 01:03:08,644 DEBUG - Starting WinSW in console mode
2026-04-09 01:03:12,935 DEBUG - Starting WinSW in console mode
2026-04-09 01:03:13,020 INFO  - Stopping service 'Trading MVP Frontend (TradingMvpFrontend)'...
2026-04-09 01:03:13,101 INFO  - Stopping TradingMvpFrontend
2026-04-09 01:03:13,102 DEBUG - ProcessKill 18844
2026-04-09 01:03:13,126 DEBUG - Stopping process 18844...
2026-04-09 01:03:13,185 DEBUG - Process 18844 canceled with code 0.
2026-04-09 01:03:13,190 INFO  - Finished TradingMvpFrontend
2026-04-09 01:03:13,344 INFO  - Starting service 'Trading MVP Frontend (TradingMvpFrontend)'...
2026-04-09 01:03:14,527 DEBUG - Starting WinSW in service mode
2026-04-09 01:03:14,773 INFO  - Starting powershell.exe -NoProfile -ExecutionPolicy Bypass -File "C:\my-trading-bot\scripts\\run_frontend_service.ps1"
2026-04-09 01:03:14,830 INFO  - Started process 24968
2026-04-09 01:03:14,850 DEBUG - Forwarding logs of the process System.Diagnostics.Process (powershell) to WinSW.RollingSizeTimeLogAppender
2026-04-09 01:03:15,088 INFO  - Service 'Trading MVP Frontend (TradingMvpFrontend)' restarted successfully.
2026-04-09 01:18:44,998 DEBUG - Starting WinSW in console mode
2026-04-09 01:19:47,350 DEBUG - Starting WinSW in console mode
2026-04-09 01:20:40,531 DEBUG - Starting WinSW in console mode
2026-04-09 01:23:10,799 FATAL - An error occurred trying to start process 'C:\my-trading-bot\.services\TradingMvpFrontend.exe' with working directory 'C:\my-trading-bot'. 사용자가 작업을 취소했습니다.
2026-04-09 01:23:10,824 FATAL - An error occurred trying to start process 'C:\my-trading-bot\.services\TradingMvpFrontend.exe' with working directory 'C:\my-trading-bot'. 사용자가 작업을 취소했습니다.
2026-04-09 22:45:12,139 DEBUG - Starting WinSW in console mode
2026-04-09 22:45:15,004 DEBUG - Starting WinSW in console mode
2026-04-09 22:45:15,059 INFO  - Stopping service 'Trading MVP Frontend (TradingMvpFrontend)'...
2026-04-09 22:45:15,077 INFO  - Stopping TradingMvpFrontend
2026-04-09 22:45:15,078 DEBUG - ProcessKill 24968
2026-04-09 22:45:15,104 DEBUG - Stopping process 24968...
2026-04-09 22:45:15,170 DEBUG - Process 24968 canceled with code 0.
2026-04-09 22:45:15,183 INFO  - Finished TradingMvpFrontend
2026-04-09 22:45:15,348 INFO  - Starting service 'Trading MVP Frontend (TradingMvpFrontend)'...
2026-04-09 22:45:16,193 DEBUG - Starting WinSW in service mode
2026-04-09 22:45:16,412 INFO  - Starting powershell.exe -NoProfile -ExecutionPolicy Bypass -File "C:\my-trading-bot\scripts\\run_frontend_service.ps1"
2026-04-09 22:45:16,466 INFO  - Started process 23012
2026-04-09 22:45:16,485 DEBUG - Forwarding logs of the process System.Diagnostics.Process (powershell) to WinSW.RollingSizeTimeLogAppender
2026-04-09 22:45:16,748 INFO  - Service 'Trading MVP Frontend (TradingMvpFrontend)' restarted successfully.
2026-04-09 23:30:48,154 DEBUG - Starting WinSW in console mode
2026-04-09 23:30:51,537 DEBUG - Starting WinSW in console mode
2026-04-09 23:30:51,599 INFO  - Stopping service 'Trading MVP Frontend (TradingMvpFrontend)'...
2026-04-09 23:30:51,671 INFO  - Stopping TradingMvpFrontend
2026-04-09 23:30:51,672 DEBUG - ProcessKill 23012
2026-04-09 23:30:51,696 DEBUG - Stopping process 23012...
2026-04-09 23:30:51,798 DEBUG - Process 23012 canceled with code 0.
2026-04-09 23:30:51,895 INFO  - Finished TradingMvpFrontend
2026-04-09 23:30:51,934 INFO  - Starting service 'Trading MVP Frontend (TradingMvpFrontend)'...
2026-04-09 23:30:53,251 DEBUG - Starting WinSW in service mode
2026-04-09 23:30:53,470 INFO  - Starting powershell.exe -NoProfile -ExecutionPolicy Bypass -File "C:\my-trading-bot\scripts\\run_frontend_service.ps1"
2026-04-09 23:30:53,518 INFO  - Started process 17884
2026-04-09 23:30:53,533 DEBUG - Forwarding logs of the process System.Diagnostics.Process (powershell) to WinSW.RollingSizeTimeLogAppender
2026-04-09 23:30:53,567 INFO  - Service 'Trading MVP Frontend (TradingMvpFrontend)' restarted successfully.
2026-04-09 23:55:01,324 DEBUG - Starting WinSW in console mode
2026-04-09 23:55:05,355 DEBUG - Starting WinSW in console mode
2026-04-09 23:55:05,432 INFO  - Stopping service 'Trading MVP Frontend (TradingMvpFrontend)'...
2026-04-09 23:55:05,493 INFO  - Stopping TradingMvpFrontend
2026-04-09 23:55:05,494 DEBUG - ProcessKill 17884
2026-04-09 23:55:05,516 DEBUG - Stopping process 17884...
2026-04-09 23:55:05,560 DEBUG - Process 17884 canceled with code 0.
2026-04-09 23:55:05,565 INFO  - Finished TradingMvpFrontend
2026-04-09 23:55:05,760 INFO  - Starting service 'Trading MVP Frontend (TradingMvpFrontend)'...
2026-04-09 23:55:06,468 DEBUG - Starting WinSW in service mode
2026-04-09 23:55:06,665 INFO  - Starting powershell.exe -NoProfile -ExecutionPolicy Bypass -File "C:\my-trading-bot\scripts\\run_frontend_service.ps1"
2026-04-09 23:55:06,713 INFO  - Started process 12640
2026-04-09 23:55:06,730 DEBUG - Forwarding logs of the process System.Diagnostics.Process (powershell) to WinSW.RollingSizeTimeLogAppender
2026-04-09 23:55:06,765 INFO  - Service 'Trading MVP Frontend (TradingMvpFrontend)' restarted successfully.
2026-04-10 00:20:26,357 DEBUG - Starting WinSW in console mode
2026-04-10 00:20:28,811 FATAL - An error occurred trying to start process 'C:\my-trading-bot\.services\TradingMvpFrontend.exe' with working directory 'C:\my-trading-bot'. 사용자가 작업을 취소했습니다.
2026-04-10 00:20:47,296 DEBUG - Starting WinSW in console mode
2026-04-10 00:23:52,295 DEBUG - Starting WinSW in console mode
2026-04-10 00:23:54,949 DEBUG - Starting WinSW in console mode
2026-04-10 00:23:54,994 INFO  - Stopping service 'Trading MVP Frontend (TradingMvpFrontend)'...
2026-04-10 00:23:55,003 INFO  - Stopping TradingMvpFrontend
2026-04-10 00:23:55,003 DEBUG - ProcessKill 12640
2026-04-10 00:23:55,021 DEBUG - Stopping process 12640...
2026-04-10 00:23:55,063 DEBUG - Process 12640 canceled with code 0.
2026-04-10 00:23:55,067 INFO  - Finished TradingMvpFrontend
2026-04-10 00:23:55,270 INFO  - Starting service 'Trading MVP Frontend (TradingMvpFrontend)'...
2026-04-10 00:23:55,900 DEBUG - Starting WinSW in service mode
2026-04-10 00:23:56,060 INFO  - Starting powershell.exe -NoProfile -ExecutionPolicy Bypass -File "C:\my-trading-bot\scripts\\run_frontend_service.ps1"
2026-04-10 00:23:56,102 INFO  - Started process 17428
2026-04-10 00:23:56,118 DEBUG - Forwarding logs of the process System.Diagnostics.Process (powershell) to WinSW.RollingSizeTimeLogAppender
2026-04-10 00:23:56,200 INFO  - Service 'Trading MVP Frontend (TradingMvpFrontend)' restarted successfully.
2026-04-10 01:15:55,151 DEBUG - Starting WinSW in console mode
2026-04-10 01:15:57,768 DEBUG - Starting WinSW in console mode
2026-04-10 01:15:57,831 INFO  - Stopping service 'Trading MVP Frontend (TradingMvpFrontend)'...
2026-04-10 01:15:57,896 INFO  - Stopping TradingMvpFrontend
2026-04-10 01:15:57,898 DEBUG - ProcessKill 17428
2026-04-10 01:15:57,922 DEBUG - Stopping process 17428...
2026-04-10 01:15:57,989 DEBUG - Process 17428 canceled with code 0.
2026-04-10 01:15:57,997 INFO  - Finished TradingMvpFrontend
2026-04-10 01:15:58,162 INFO  - Starting service 'Trading MVP Frontend (TradingMvpFrontend)'...
2026-04-10 01:15:59,063 DEBUG - Starting WinSW in service mode
2026-04-10 01:15:59,229 INFO  - Starting powershell.exe -NoProfile -ExecutionPolicy Bypass -File "C:\my-trading-bot\scripts\\run_frontend_service.ps1"
2026-04-10 01:15:59,272 INFO  - Started process 17384
2026-04-10 01:15:59,289 DEBUG - Forwarding logs of the process System.Diagnostics.Process (powershell) to WinSW.RollingSizeTimeLogAppender
2026-04-10 01:15:59,352 INFO  - Service 'Trading MVP Frontend (TradingMvpFrontend)' restarted successfully.
2026-04-11 22:53:18,654 DEBUG - Starting WinSW in service mode
2026-04-11 22:53:19,138 INFO  - Starting powershell.exe -NoProfile -ExecutionPolicy Bypass -File "C:\my-trading-bot\scripts\\run_frontend_service.ps1"
2026-04-11 22:53:19,209 INFO  - Started process 8504
2026-04-11 22:53:19,228 DEBUG - Forwarding logs of the process System.Diagnostics.Process (powershell) to WinSW.RollingSizeTimeLogAppender
2026-04-11 23:55:53,967 DEBUG - Starting WinSW in console mode
2026-04-11 23:55:59,773 FATAL - An error occurred trying to start process 'C:\my-trading-bot\.services\TradingMvpFrontend.exe' with working directory 'C:\my-trading-bot'. 사용자가 작업을 취소했습니다.
2026-04-11 23:56:56,670 DEBUG - Starting WinSW in console mode
2026-04-11 23:57:10,699 DEBUG - Starting WinSW in console mode
2026-04-11 23:57:10,930 INFO  - Stopping service 'Trading MVP Frontend (TradingMvpFrontend)'...
2026-04-11 23:57:11,004 INFO  - Service 'Trading MVP Frontend (TradingMvpFrontend)' stopped successfully.
2026-04-11 23:57:11,012 INFO  - Stopping TradingMvpFrontend
2026-04-11 23:57:11,014 DEBUG - ProcessKill 8504
2026-04-11 23:57:11,049 DEBUG - Stopping process 8504...
2026-04-11 23:57:11,139 DEBUG - Process 8504 canceled with code 0.
2026-04-11 23:57:11,183 INFO  - Finished TradingMvpFrontend
2026-04-11 23:57:33,040 DEBUG - Starting WinSW in console mode
2026-04-11 23:57:41,101 DEBUG - Starting WinSW in console mode
2026-04-11 23:57:41,203 INFO  - Starting service 'Trading MVP Frontend (TradingMvpFrontend)'...
2026-04-11 23:57:43,094 DEBUG - Starting WinSW in service mode
2026-04-11 23:57:43,249 INFO  - Service 'Trading MVP Frontend (TradingMvpFrontend)' started successfully.
2026-04-11 23:57:43,782 INFO  - Starting powershell.exe -NoProfile -ExecutionPolicy Bypass -File "C:\my-trading-bot\scripts\\run_frontend_service.ps1"
2026-04-11 23:57:43,896 INFO  - Started process 1408
2026-04-11 23:57:43,919 DEBUG - Forwarding logs of the process System.Diagnostics.Process (powershell) to WinSW.RollingSizeTimeLogAppender
